Sep 20 01:39:07 Updated: nspr-4.19.0-1.el7_5.x86_64
Sep 20 01:39:07 Updated: nss-util-3.36.0-1.el7_5.x86_64
Sep 20 01:39:07 Updated: libgcc-4.8.5-28.el7_5.1.x86_64
Sep 20 01:39:07 Updated: audit-libs-2.8.1-3.el7_5.1.x86_64
Sep 20 01:39:07 Updated: libuuid-2.23.2-52.el7_5.1.x86_64
Sep 20 01:39:07 Updated: libblkid-2.23.2-52.el7_5.1.x86_64
Sep 20 01:39:07 Updated: systemd-libs-219-57.el7_5.1.x86_64
Sep 20 01:39:07 Updated: libcom_err-1.42.9-12.el7_5.x86_64
Sep 20 01:39:07 Updated: procps-ng-3.3.10-17.el7_5.2.x86_64
Sep 20 01:39:07 Updated: centos-release-7-5.1804.4.el7.centos.x86_64
Sep 20 01:39:07 Updated: libmount-2.23.2-52.el7_5.1.x86_64
Sep 20 01:39:10 Updated: systemd-219-57.el7_5.1.x86_64
Sep 20 01:39:10 Updated: util-linux-2.23.2-52.el7_5.1.x86_64
Sep 20 01:39:11 Updated: libstdc++-4.8.5-28.el7_5.1.x86_64
Sep 20 01:39:13 Updated: python-libs-2.7.5-69.el7_5.x86_64
Sep 20 01:39:13 Updated: python-2.7.5-69.el7_5.x86_64
Sep 20 01:39:13 Updated: systemd-sysv-219-57.el7_5.1.x86_64
Sep 20 01:39:13 Updated: python-perf-3.10.0-862.11.6.el7.x86_64
Sep 20 01:39:14 Updated: initscripts-9.49.41-1.el7_5.1.x86_64
Sep 20 01:39:14 Updated: libss-1.42.9-12.el7_5.x86_64
Sep 20 01:39:14 Updated: e2fsprogs-libs-1.42.9-12.el7_5.x86_64
Sep 20 01:39:14 Updated: e2fsprogs-1.42.9-12.el7_5.x86_64
Sep 20 01:39:14 Updated: nss-softokn-freebl-3.36.0-5.el7_5.x86_64
Sep 20 01:39:14 Updated: nss-softokn-3.36.0-5.el7_5.x86_64
Sep 20 01:39:14 Updated: nss-3.36.0-5.el7_5.x86_64
Sep 20 01:39:14 Updated: nss-sysinit-3.36.0-5.el7_5.x86_64
Sep 20 01:39:15 Updated: nss-tools-3.36.0-5.el7_5.x86_64
Sep 20 01:39:15 Updated: openldap-2.4.44-15.el7_5.x86_64
Sep 20 01:39:26 Updated: selinux-policy-3.13.1-192.el7_5.6.noarch
Sep 20 01:39:26 Updated: kpartx-0.4.9-119.el7_5.1.x86_64
Sep 20 01:39:26 Updated: dracut-033-535.el7_5.1.x86_64
Sep 20 01:39:26 Updated: dracut-network-033-535.el7_5.1.x86_64
Sep 20 01:39:26 Updated: kernel-tools-libs-3.10.0-862.11.6.el7.x86_64
Sep 20 01:39:26 Updated: 32:bind-license-9.9.4-61.el7_5.1.noarch
Sep 20 01:39:36 Installed: linux-firmware-20180220-62.2.git6d51311.el7_5.noarch
Sep 20 01:39:41 Installed: kernel-3.10.0-862.11.6.el7.x86_64
Sep 20 01:39:41 Updated: 32:bind-libs-lite-9.9.4-61.el7_5.1.x86_64
Sep 20 01:39:41 Updated: kernel-tools-3.10.0-862.11.6.el7.x86_64
Sep 20 01:39:41 Updated: kexec-tools-2.0.15-13.el7_5.1.x86_64
Sep 20 01:39:41 Updated: dracut-config-rescue-033-535.el7_5.1.x86_64
Sep 20 01:39:41 Updated: dracut-config-generic-033-535.el7_5.1.x86_64
Sep 20 01:39:58 Updated: selinux-policy-targeted-3.13.1-192.el7_5.6.noarch
Sep 20 01:39:58 Updated: sudo-1.8.19p2-14.el7_5.x86_64
Sep 20 01:39:58 Updated: gnupg2-2.0.22-5.el7_5.x86_64
Sep 20 01:39:59 Updated: cloud-init-0.7.9-24.el7.centos.1.x86_64
Sep 20 01:40:00 Updated: tuned-2.9.0-1.el7_5.2.noarch
Sep 20 01:40:00 Updated: audit-2.8.1-3.el7_5.1.x86_64
Sep 20 01:40:00 Updated: audit-libs-python-2.8.1-3.el7_5.1.x86_64
Sep 20 01:40:00 Updated: yum-utils-1.1.31-46.el7_5.noarch
Sep 20 01:40:00 Updated: 10:qemu-guest-agent-2.8.0-2.el7_5.1.x86_64
Sep 20 01:40:00 Updated: 1:mariadb-libs-5.5.60-1.el7_5.x86_64
Sep 20 01:40:01 Updated: rsyslog-8.24.0-16.el7_5.4.x86_64
Sep 20 01:40:04 Updated: 2:microcode_ctl-2.1-29.16.el7_5.x86_64
Sep 20 01:40:06 Updated: binutils-2.27-28.base.el7_5.1.x86_64
Sep 20 01:40:07 Updated: ca-certificates-2018.2.22-70.0.el7_5.noarch
Sep 20 01:40:07 Updated: yum-plugin-fastestmirror-1.1.31-46.el7_5.noarch
Sep 20 01:40:07 Updated: iptables-1.4.21-24.1.el7_5.x86_64
Sep 20 01:40:07 Updated: libgomp-4.8.5-28.el7_5.1.x86_64
Sep 20 01:40:09 Updated: iwl7265-firmware-22.0.7.0-62.2.el7_5.noarch
Sep 20 01:42:52 Installed: 1:perl-parent-0.225-244.el7.noarch
Sep 20 01:42:52 Installed: perl-HTTP-Tiny-0.033-3.el7.noarch
Sep 20 01:42:52 Installed: perl-podlators-2.5.1-3.el7.noarch
Sep 20 01:42:52 Installed: perl-Pod-Perldoc-3.20-4.el7.noarch
Sep 20 01:42:52 Installed: 1:perl-Pod-Escapes-1.04-292.el7.noarch
Sep 20 01:42:52 Installed: perl-Text-ParseWords-3.29-4.el7.noarch
Sep 20 01:42:52 Installed: perl-Encode-2.51-7.el7.x86_64
Sep 20 01:42:52 Installed: perl-Pod-Usage-1.63-3.el7.noarch
Sep 20 01:42:52 Installed: 4:perl-macros-5.16.3-292.el7.x86_64
Sep 20 01:42:52 Installed: 4:perl-libs-5.16.3-292.el7.x86_64
Sep 20 01:42:52 Installed: perl-Storable-2.45-3.el7.x86_64
Sep 20 01:42:52 Installed: perl-Exporter-5.68-3.el7.noarch
Sep 20 01:42:52 Installed: perl-constant-1.27-2.el7.noarch
Sep 20 01:42:52 Installed: perl-Time-Local-1.2300-2.el7.noarch
Sep 20 01:42:52 Installed: perl-Socket-2.010-4.el7.x86_64
Sep 20 01:42:52 Installed: perl-Carp-1.26-244.el7.noarch
Sep 20 01:42:52 Installed: 4:perl-Time-HiRes-1.9725-3.el7.x86_64
Sep 20 01:42:52 Installed: perl-PathTools-3.40-5.el7.x86_64
Sep 20 01:42:53 Installed: perl-Scalar-List-Utils-1.27-248.el7.x86_64
Sep 20 01:42:53 Installed: perl-File-Temp-0.23.01-3.el7.noarch
Sep 20 01:42:53 Installed: perl-File-Path-2.09-2.el7.noarch
Sep 20 01:42:53 Installed: perl-threads-shared-1.43-6.el7.x86_64
Sep 20 01:42:53 Installed: perl-threads-1.87-4.el7.x86_64
Sep 20 01:42:53 Installed: perl-Filter-1.49-3.el7.x86_64
Sep 20 01:42:53 Installed: 1:perl-Pod-Simple-3.28-4.el7.noarch
Sep 20 01:42:53 Installed: perl-Getopt-Long-2.40-3.el7.noarch
Sep 20 01:42:55 Installed: 4:perl-5.16.3-292.el7.x86_64
Sep 20 01:42:56 Installed: 1:perl-Error-0.17020-2.el7.noarch
Sep 20 01:42:56 Installed: perl-TermReadKey-2.30-20.el7.x86_64
Sep 20 01:42:56 Installed: libgnome-keyring-3.12.0-1.el7.x86_64
Sep 20 01:42:56 Installed: perl-Git-1.8.3.1-14.el7_5.noarch
Sep 20 01:42:58 Installed: git-1.8.3.1-14.el7_5.x86_64
Sep 20 01:42:58 Installed: nano-2.3.1-10.el7.x86_64
Sep 20 01:43:41 Installed: apr-1.4.8-3.el7_4.1.x86_64
Sep 20 01:43:41 Installed: apr-util-1.5.2-6.el7.x86_64
Sep 20 01:43:41 Installed: httpd-tools-2.4.6-80.el7.centos.1.x86_64
Sep 20 01:43:42 Installed: centos-logos-70.0.6-3.el7.centos.noarch
Sep 20 01:43:42 Installed: mailcap-2.1.41-2.el7.noarch
Sep 20 01:43:43 Installed: httpd-2.4.6-80.el7.centos.1.x86_64
Sep 20 01:46:01 Installed: epel-release-7-11.noarch
Sep 20 01:46:20 Installed: remi-release-7.5-2.el7.remi.noarch
Sep 20 01:48:20 Installed: php-json-7.2.10-1.el7.remi.x86_64
Sep 20 01:48:20 Installed: php-common-7.2.10-1.el7.remi.x86_64
Sep 20 01:48:20 Installed: libargon2-20161029-2.el7.x86_64
Sep 20 01:48:21 Installed: php-cli-7.2.10-1.el7.remi.x86_64
Sep 20 01:48:21 Installed: libzip5-1.5.1-1.el7.remi.x86_64
Sep 20 01:48:21 Installed: libxslt-1.1.28-5.el7.x86_64
Sep 20 01:48:21 Installed: php-xml-7.2.10-1.el7.remi.x86_64
Sep 20 01:48:21 Installed: php-pecl-zip-1.15.3-1.el7.remi.7.2.x86_64
Sep 20 01:48:22 Installed: php-7.2.10-1.el7.remi.x86_64
Sep 20 01:48:22 Installed: php-mbstring-7.2.10-1.el7.remi.x86_64
Sep 20 01:48:22 Installed: php-pdo-7.2.10-1.el7.remi.x86_64
Sep 20 01:48:52 Installed: unzip-6.0-19.el7.x86_64
Oct 04 05:09:15 Installed: mod_security-2.9.2-1.el7.x86_64
Oct 10 02:16:24 Updated: systemd-libs-219-57.el7_5.3.x86_64
Oct 10 02:16:27 Updated: systemd-219-57.el7_5.3.x86_64
Oct 10 02:16:27 Installed: systemd-python-219-57.el7_5.3.x86_64
Oct 10 02:16:27 Installed: ebtables-2.0.10-16.el7.x86_64
Oct 10 02:16:27 Installed: firewalld-filesystem-0.4.4.4-15.el7_5.noarch
Oct 10 02:16:27 Installed: python-slip-0.4.0-4.el7.noarch
Oct 10 02:16:27 Installed: python-slip-dbus-0.4.0-4.el7.noarch
Oct 10 02:16:27 Installed: python-firewall-0.4.4.4-15.el7_5.noarch
Oct 10 02:16:27 Installed: ipset-libs-6.29-1.el7.x86_64
Oct 10 02:16:27 Installed: ipset-6.29-1.el7.x86_64
Oct 10 02:16:28 Installed: fail2ban-server-0.9.7-1.el7.noarch
Oct 10 02:16:28 Installed: fail2ban-sendmail-0.9.7-1.el7.noarch
Oct 10 02:16:28 Installed: firewalld-0.4.4.4-15.el7_5.noarch
Oct 10 02:16:28 Installed: fail2ban-firewalld-0.9.7-1.el7.noarch
Oct 10 02:16:28 Installed: fail2ban-0.9.7-1.el7.noarch
Oct 10 02:16:28 Updated: systemd-sysv-219-57.el7_5.3.x86_64
Oct 26 00:13:12 Installed: python2-pip-8.1.2-6.el7.noarch
Oct 26 00:16:52 Installed: ruby-libs-2.0.0.648-33.el7_4.x86_64
Oct 26 00:16:52 Installed: ruby-2.0.0.648-33.el7_4.x86_64
Oct 26 00:16:52 Installed: ruby-irb-2.0.0.648-33.el7_4.noarch
Oct 26 00:16:52 Installed: rubygem-bigdecimal-1.2.0-33.el7_4.x86_64
Oct 26 00:16:52 Installed: rubygem-psych-2.0.0-33.el7_4.x86_64
Oct 26 00:16:52 Installed: rubygem-json-1.7.7-33.el7_4.x86_64
Oct 26 00:16:52 Installed: rubygem-io-console-0.4.2-33.el7_4.x86_64
Oct 26 00:16:52 Installed: rubygems-2.0.14.1-33.el7_4.noarch
Oct 26 00:16:53 Installed: rubygem-rdoc-4.0.0-33.el7_4.noarch
Oct 26 00:16:53 Installed: rubygem-rake-0.9.6-33.el7_4.noarch
Oct 26 00:16:53 Installed: 1:rubygem-rack-1.6.4-2.el7.noarch
Oct 26 00:18:10 Installed: passenger-5.3.5-1.el7.x86_64
Oct 26 00:18:10 Installed: mod_passenger-5.3.5-1.el7.x86_64
Oct 26 01:53:20 Installed: 2:nodejs-10.12.0-1nodesource.x86_64
Oct 26 01:53:33 Installed: mpfr-3.1.1-4.el7.x86_64
Oct 26 01:53:33 Installed: libmpc-1.0.1-3.el7.x86_64
Oct 26 01:53:34 Installed: cpp-4.8.5-28.el7_5.1.x86_64
Oct 26 01:53:36 Installed: kernel-headers-3.10.0-862.14.4.el7.x86_64
Oct 26 01:53:36 Installed: glibc-headers-2.17-222.el7.x86_64
Oct 26 01:53:36 Installed: glibc-devel-2.17-222.el7.x86_64
Oct 26 01:53:39 Installed: gcc-4.8.5-28.el7_5.1.x86_64
Oct 26 01:53:40 Installed: libstdc++-devel-4.8.5-28.el7_5.1.x86_64
Oct 26 01:53:41 Installed: gcc-c++-4.8.5-28.el7_5.1.x86_64
Nov 19 05:27:46 Updated: passenger-5.3.7-1.el7.x86_64
Nov 19 05:27:46 Updated: mod_passenger-5.3.7-1.el7.x86_64
Nov 19 06:34:57 Installed: 7:device-mapper-event-libs-1.02.146-4.el7.x86_64
Nov 19 06:34:57 Installed: 7:device-mapper-event-1.02.146-4.el7.x86_64
Nov 19 06:34:58 Installed: 7:lvm2-libs-2.02.177-4.el7.x86_64
Nov 19 06:34:58 Installed: libaio-0.3.109-13.el7.x86_64
Nov 19 06:34:58 Installed: device-mapper-persistent-data-0.7.3-3.el7.x86_64
Nov 19 06:34:59 Installed: 7:lvm2-2.02.177-4.el7.x86_64
Nov 19 06:35:56 Installed: containerd.io-1.2.0-3.el7.x86_64
Nov 19 06:36:32 Installed: 2:container-selinux-2.68-1.el7.noarch
Nov 19 06:36:32 Installed: libtool-ltdl-2.4.2-22.el7_3.x86_64
Nov 19 06:36:35 Installed: 1:docker-ce-cli-18.09.0-3.el7.x86_64
Nov 19 06:36:39 Installed: 3:docker-ce-18.09.0-3.el7.x86_64
