20:47:07,525 DEBUG ifcfg: content of files (network initialization):
20:47:07,525 DEBUG ifcfg: /etc/sysconfig/network-scripts/ifcfg-eth0:
20:47:07,525 DEBUG ifcfg:   # Generated by dracut initrd
20:47:07,525 DEBUG ifcfg:   NAME="eth0"
20:47:07,526 DEBUG ifcfg:   HWADDR="52:54:00:4a:d4:7f"
20:47:07,526 DEBUG ifcfg:   ONBOOT=yes
20:47:07,526 DEBUG ifcfg:   NETBOOT=yes
20:47:07,526 DEBUG ifcfg:   UUID="3e5e344b-02e4-4c6b-a641-bff748ab95dd"
20:47:07,526 DEBUG ifcfg:   IPV6INIT=yes
20:47:07,526 DEBUG ifcfg:   BOOTPROTO=dhcp
20:47:07,526 DEBUG ifcfg:   TYPE=Ethernet
20:47:07,539 DEBUG ifcfg: all settings: [{'802-3-ethernet': {'auto-negotiate': False, 'mac-address-blacklist': [], 's390-options': {}, 'mac-address': [82, 84, 0, 74, 212, 127]}, 'connection': {'timestamp': 1526503623L, 'permissions': [], 'type': '802-3-ethernet', 'id': 'eth0', 'uuid': '3e5e344b-02e4-4c6b-a641-bff748ab95dd'}, 'proxy': {}, 'ipv4': {'addresses': [], 'dns-search': [], 'route-data': [], 'dns': [], 'routes': [], 'address-data': [], 'method': 'auto'}, 'ipv6': {'addr-gen-mode': 0, 'dns-search': [], 'route-data': [], 'dns': [], 'routes': [], 'address-data': [], 'method': 'auto', 'addresses': []}}]
20:47:07,697 DEBUG ifcfg: IfcfFile.read /etc/sysconfig/network-scripts/ifcfg-eth0
20:47:07,698 DEBUG ifcfg: IfcfFile.read /etc/sysconfig/network-scripts/ifcfg-eth0
20:47:07,699 DEBUG ifcfg: IfcfFile.read /etc/sysconfig/network-scripts/ifcfg-eth0
20:47:07,700 DEBUG ifcfg: IfcfFile.read /etc/sysconfig/network-scripts/ifcfg-eth0
20:47:07,847 DEBUG ifcfg: content of files (kickstart pre section applied for devices ['eth0']):
20:47:07,847 DEBUG ifcfg: /etc/sysconfig/network-scripts/ifcfg-eth0:
20:47:07,847 DEBUG ifcfg:   # Generated by dracut initrd
20:47:07,847 DEBUG ifcfg:   NAME=eth0
20:47:07,847 DEBUG ifcfg:   HWADDR=52:54:00:4A:D4:7F
20:47:07,847 DEBUG ifcfg:   ONBOOT=no
20:47:07,847 DEBUG ifcfg:   NETBOOT=yes
20:47:07,848 DEBUG ifcfg:   UUID=3e5e344b-02e4-4c6b-a641-bff748ab95dd
20:47:07,848 DEBUG ifcfg:   IPV6INIT=yes
20:47:07,848 DEBUG ifcfg:   BOOTPROTO=dhcp
20:47:07,848 DEBUG ifcfg:   TYPE=Ethernet
20:47:07,848 DEBUG ifcfg:   PROXY_METHOD=none
20:47:07,848 DEBUG ifcfg:   BROWSER_ONLY=no
20:47:07,848 DEBUG ifcfg:   DEFROUTE=yes
20:47:07,848 DEBUG ifcfg:   IPV4_FAILURE_FATAL=no
20:47:07,849 DEBUG ifcfg:   IPV6_AUTOCONF=yes
20:47:07,849 DEBUG ifcfg:   IPV6_DEFROUTE=yes
20:47:07,849 DEBUG ifcfg:   IPV6_FAILURE_FATAL=no
20:47:07,865 DEBUG ifcfg: all settings: [{'802-3-ethernet': {'auto-negotiate': False, 'mac-address-blacklist': [], 's390-options': {}, 'mac-address': [82, 84, 0, 74, 212, 127]}, 'connection': {'autoconnect': False, 'uuid': '3e5e344b-02e4-4c6b-a641-bff748ab95dd', 'timestamp': 1526503627L, 'type': '802-3-ethernet', 'id': 'eth0', 'permissions': []}, 'proxy': {}, 'ipv4': {'addresses': [], 'dns-search': [], 'route-data': [], 'dns': [], 'routes': [], 'address-data': [], 'method': 'auto'}, 'ipv6': {'addr-gen-mode': 0, 'dns-search': [], 'route-data': [], 'dns': [], 'routes': [], 'address-data': [], 'method': 'auto', 'addresses': []}}]
20:47:07,944 DEBUG ifcfg: IfcfFile.read /etc/sysconfig/network-scripts/ifcfg-eth0
20:47:07,945 DEBUG ifcfg: IfcfFile.read /etc/sysconfig/network-scripts/ifcfg-eth0
20:47:07,946 DEBUG ifcfg: IfcfFile.read /etc/sysconfig/network-scripts/ifcfg-eth0
20:47:07,947 DEBUG ifcfg: IfcfFile.read /etc/sysconfig/network-scripts/ifcfg-eth0
20:47:08,046 DEBUG ifcfg: IfcfFile.read /etc/sysconfig/network-scripts/ifcfg-eth0
20:47:08,048 DEBUG ifcfg: IfcfFile.read /etc/sysconfig/network-scripts/ifcfg-eth0
20:47:08,049 DEBUG ifcfg: IfcfFile.read /etc/sysconfig/network-scripts/ifcfg-eth0
20:47:08,050 DEBUG ifcfg: IfcfFile.read /etc/sysconfig/network-scripts/ifcfg-eth0
20:47:08,051 DEBUG ifcfg: IfcfFile.read /etc/sysconfig/network-scripts/ifcfg-eth0
20:47:08,052 DEBUG ifcfg: IfcfgFile.set /etc/sysconfig/network-scripts/ifcfg-eth0: (('ONBOOT', 'yes'),)
20:47:08,053 DEBUG ifcfg: IfcfgFile.write /etc/sysconfig/network-scripts/ifcfg-eth0:
# Generated by dracut initrd
NAME="eth0"
HWADDR="52:54:00:4A:D4:7F"
ONBOOT="yes"
NETBOOT="yes"
UUID="3e5e344b-02e4-4c6b-a641-bff748ab95dd"
IPV6INIT="yes"
BOOTPROTO="dhcp"
TYPE="Ethernet"
PROXY_METHOD="none"
BROWSER_ONLY="no"
DEFROUTE="yes"
IPV4_FAILURE_FATAL="no"
IPV6_AUTOCONF="yes"
IPV6_DEFROUTE="yes"
IPV6_FAILURE_FATAL="no"

20:47:08,065 DEBUG ifcfg: content of files (real kickstart ONBOOT value set for devices ['eth0']):
20:47:08,066 DEBUG ifcfg: /etc/sysconfig/network-scripts/ifcfg-eth0:
20:47:08,067 DEBUG ifcfg:   # Generated by dracut initrd
20:47:08,067 DEBUG ifcfg:   NAME="eth0"
20:47:08,068 DEBUG ifcfg:   HWADDR="52:54:00:4A:D4:7F"
20:47:08,068 DEBUG ifcfg:   ONBOOT="yes"
20:47:08,068 DEBUG ifcfg:   NETBOOT="yes"
20:47:08,069 DEBUG ifcfg:   UUID="3e5e344b-02e4-4c6b-a641-bff748ab95dd"
20:47:08,069 DEBUG ifcfg:   IPV6INIT="yes"
20:47:08,070 DEBUG ifcfg:   BOOTPROTO="dhcp"
20:47:08,070 DEBUG ifcfg:   TYPE="Ethernet"
20:47:08,070 DEBUG ifcfg:   PROXY_METHOD="none"
20:47:08,071 DEBUG ifcfg:   BROWSER_ONLY="no"
20:47:08,071 DEBUG ifcfg:   DEFROUTE="yes"
20:47:08,072 DEBUG ifcfg:   IPV4_FAILURE_FATAL="no"
20:47:08,072 DEBUG ifcfg:   IPV6_AUTOCONF="yes"
20:47:08,072 DEBUG ifcfg:   IPV6_DEFROUTE="yes"
20:47:08,073 DEBUG ifcfg:   IPV6_FAILURE_FATAL="no"
20:47:08,081 DEBUG ifcfg: all settings: [{'802-3-ethernet': {'auto-negotiate': False, 'mac-address-blacklist': [], 's390-options': {}, 'mac-address': [82, 84, 0, 74, 212, 127]}, 'connection': {'autoconnect': False, 'uuid': '3e5e344b-02e4-4c6b-a641-bff748ab95dd', 'timestamp': 1526503627L, 'type': '802-3-ethernet', 'id': 'eth0', 'permissions': []}, 'proxy': {}, 'ipv4': {'addresses': [], 'dns-search': [], 'route-data': [], 'dns': [], 'routes': [], 'address-data': [], 'method': 'auto'}, 'ipv6': {'addr-gen-mode': 0, 'dns-search': [], 'route-data': [], 'dns': [], 'routes': [], 'address-data': [], 'method': 'auto', 'addresses': []}}]
20:47:09,541 DEBUG ifcfg: IfcfFile.read /etc/sysconfig/network-scripts/ifcfg-eth0
20:47:09,543 DEBUG ifcfg: IfcfFile.read /etc/sysconfig/network-scripts/ifcfg-eth0
20:47:09,544 DEBUG ifcfg: IfcfFile.read /etc/sysconfig/network-scripts/ifcfg-eth0
20:47:09,551 DEBUG ifcfg: IfcfFile.read /etc/sysconfig/network-scripts/ifcfg-eth0
