20:47:07,203 INFO blivet: ISCSID is /sbin/iscsid
20:47:07,203 INFO blivet: no initiator set
20:47:07,333 INFO blivet: No FCoE EDD info found: No FCoE boot disk information is found in EDD!
20:47:07,333 INFO blivet: no /etc/zfcp.conf; not configuring zfcp
20:47:08,147 DEBUG blivet:           Ext4FS.supported: supported: True ;
20:47:08,147 DEBUG blivet: getFormat('ext4') returning Ext4FS instance with object id 0
20:47:08,148 DEBUG blivet:        Ext4FS.supported: supported: True ;
20:47:08,148 DEBUG blivet: trying to set new default fstype to 'ext4'
20:47:08,149 DEBUG blivet:            Ext4FS.supported: supported: True ;
20:47:08,149 DEBUG blivet: getFormat('ext4') returning Ext4FS instance with object id 1
20:47:08,150 DEBUG blivet:         Ext4FS.supported: supported: True ;
20:47:08,164 DEBUG blivet: trying to set new default fstype to 'xfs'
20:47:08,165 DEBUG blivet:           XFS.supported: supported: True ;
20:47:08,241 DEBUG blivet: getFormat('xfs') returning XFS instance with object id 2
20:47:08,242 DEBUG blivet:         XFS.supported: supported: True ;
20:47:08,242 DEBUG blivet: trying to set new default /boot fstype to 'xfs'
20:47:08,243 DEBUG blivet:           XFS.supported: supported: True ;
20:47:08,244 DEBUG blivet: getFormat('xfs') returning XFS instance with object id 3
20:47:08,244 DEBUG blivet:         XFS.supported: supported: True ;
20:47:08,750 INFO blivet: Detected 2048 MiB of memory
20:47:08,761 INFO blivet: Suggested swap size (2048 MiB) exceeds 10 % of disk space, using 10 % of disk space (0.0) instead.
20:47:08,771 INFO blivet: Swap attempt of 0.0
20:47:08,772 INFO blivet: Detected 2048 MiB of memory
20:47:08,783 INFO blivet: Suggested swap size (2048 MiB) exceeds 10 % of disk space, using 10 % of disk space (0.0) instead.
20:47:08,793 INFO blivet: Swap attempt of 0.0
20:47:08,830 INFO blivet: resetting Blivet (version 0.61.15.69) instance <blivet.Blivet object at 0x7fef17d7b410>
20:47:08,830 INFO blivet: no initiator set
20:47:08,830 INFO blivet: not going to create backup copy of non-existent /etc/mdadm.conf
20:47:08,830 INFO blivet: DeviceTree.populate: ignoredDisks is [] ; exclusiveDisks is [u'vda']
20:47:09,007 DEBUG blivet: protected device spec /dev/zram1 resolved to None
20:47:09,026 DEBUG blivet: protected device spec /dev/zram0 resolved to None
20:47:09,039 INFO blivet: devices to scan: [u'vda', u'loop0', u'loop1', u'loop2', u'live-rw', u'live-base']
20:47:09,046 DEBUG blivet:          DeviceTree.addUdevDevice: info: {u'DEVLINKS': u'/dev/disk/by-path/pci-0000:00:05.0 /dev/disk/by-path/virtio-pci-0000:00:05.0',
 u'DEVNAME': u'/dev/vda',
 u'DEVPATH': u'/devices/pci0000:00/0000:00:05.0/virtio1/block/vda',
 u'DEVTYPE': u'disk',
 u'DM_MULTIPATH_TIMESTAMP': u'1526503621',
 u'ID_PATH': u'pci-0000:00:05.0',
 u'ID_PATH_TAG': u'pci-0000_00_05_0',
 u'MAJOR': u'252',
 u'MINOR': u'0',
 u'MPATH_SBIN_PATH': u'/sbin',
 u'SUBSYSTEM': u'block',
 u'TAGS': u':systemd:',
 u'USEC_INITIALIZED': u'893236'} ; name: vda ;
20:47:09,047 INFO blivet: scanning vda (/sys/devices/pci0000:00/0000:00:05.0/virtio1/block/vda)...
20:47:09,048 DEBUG blivet:           DeviceTree.getDeviceByName: hidden: False ; name: vda ; incomplete: False ;
20:47:09,049 DEBUG blivet:           DeviceTree.getDeviceByName returned None
20:47:09,051 DEBUG blivet:           DeviceTree.addUdevDiskDevice: name: vda ;
20:47:09,051 WARN blivet: device/model is not a valid attribute
20:47:09,053 INFO blivet: vda is a disk
20:47:09,055 DEBUG blivet: getFormat('None') returning DeviceFormat instance with object id 5
20:47:09,058 DEBUG blivet:               DiskDevice._setFormat: vda ; current: None ; type: None ;
20:47:09,059 DEBUG blivet:                DiskDevice.readCurrentSize: path: /dev/vda ; sysfsPath: /sys/devices/pci0000:00/0000:00:05.0/virtio1/block/vda ; exists: True ;
20:47:09,061 DEBUG blivet: updated vda size to 8192 MiB (8192 MiB)
20:47:09,087 INFO blivet: added disk vda (id 4) to device tree
20:47:09,089 INFO blivet: got device: u'vda'
20:47:09,089 DEBUG blivet:           DeviceTree.handleUdevDeviceFormat: name: vda ;
20:47:09,103 DEBUG blivet:            DeviceTree.handleUdevDiskLabelFormat: device: vda ; label_type: None ;
20:47:09,103 DEBUG blivet: device vda does not contain a disklabel
20:47:09,103 DEBUG blivet: no type or existing type for vda, bailing
20:47:09,105 DEBUG blivet:          DeviceTree.addUdevDevice: info: {u'DEVNAME': u'/dev/loop0',
 u'DEVPATH': u'/devices/virtual/block/loop0',
 u'DEVTYPE': u'disk',
 u'DM_MULTIPATH_TIMESTAMP': u'1526503621',
 u'ID_FS_TYPE': u'squashfs',
 u'ID_FS_USAGE': u'filesystem',
 u'ID_FS_VERSION': u'1024.0',
 u'MAJOR': u'7',
 u'MINOR': u'0',
 u'MPATH_SBIN_PATH': u'/sbin',
 u'SUBSYSTEM': u'block',
 u'TAGS': u':systemd:',
 u'USEC_INITIALIZED': u'899323'} ; name: loop0 ;
20:47:09,105 INFO blivet: scanning loop0 (/sys/devices/virtual/block/loop0)...
20:47:09,106 DEBUG blivet:           DeviceTree.getDeviceByName: hidden: False ; name: loop0 ; incomplete: False ;
20:47:09,107 DEBUG blivet:           DeviceTree.getDeviceByName returned None
20:47:09,107 INFO blivet: loop0 is a loop device
20:47:09,108 DEBUG blivet:           DeviceTree.addUdevLoopDevice: name: loop0 ;
20:47:09,109 DEBUG blivet:            DeviceTree.getDeviceByName: hidden: False ; name: /tmp/curl_fetch_url1/squashfs.img (deleted) ; incomplete: False ;
20:47:09,110 DEBUG blivet:            DeviceTree.getDeviceByName returned None
20:47:09,110 DEBUG blivet: getFormat('None') returning DeviceFormat instance with object id 9
20:47:09,112 DEBUG blivet:               FileDevice._setFormat: /tmp/curl_fetch_url1/squashfs.img (deleted) ; current: None ; type: None ;
20:47:09,112 INFO blivet: added file /tmp/curl_fetch_url1/squashfs.img (deleted) (id 8) to device tree
20:47:09,114 DEBUG blivet:                  FileDevice.addChild: kids: 0 ; name: /tmp/curl_fetch_url1/squashfs.img (deleted) ;
20:47:09,114 DEBUG blivet: getFormat('None') returning DeviceFormat instance with object id 12
20:47:09,115 DEBUG blivet:               LoopDevice._setFormat: loop0 ; current: None ; type: None ;
20:47:09,115 INFO blivet: added loop loop0 (id 11) to device tree
20:47:09,116 INFO blivet: got device: u'loop0'
20:47:09,117 DEBUG blivet:           DeviceTree.handleUdevDeviceFormat: name: loop0 ;
20:47:09,129 DEBUG blivet:            DeviceTree.handleUdevDiskLabelFormat: device: loop0 ; label_type: None ;
20:47:09,129 DEBUG blivet: device loop0 does not contain a disklabel
20:47:09,156 INFO blivet: type detected on 'loop0' is 'squashfs'
20:47:09,157 DEBUG blivet: getFormat('squashfs') returning DeviceFormat instance with object id 14
20:47:09,159 DEBUG blivet:             LoopDevice._setFormat: loop0 ; current: None ; type: None ;
20:47:09,182 DEBUG blivet:          DeviceTree.addUdevDevice: info: {u'DEVLINKS': u'/dev/disk/by-label/Anaconda /dev/disk/by-uuid/d9beaa77-2f65-4264-8aa4-c4f0b300688d',
 u'DEVNAME': u'/dev/loop1',
 u'DEVPATH': u'/devices/virtual/block/loop1',
 u'DEVTYPE': u'disk',
 u'DM_MULTIPATH_TIMESTAMP': u'1526503621',
 u'ID_FS_LABEL': u'Anaconda',
 u'ID_FS_LABEL_ENC': u'Anaconda',
 u'ID_FS_TYPE': u'ext4',
 u'ID_FS_USAGE': u'filesystem',
 u'ID_FS_UUID': u'd9beaa77-2f65-4264-8aa4-c4f0b300688d',
 u'ID_FS_UUID_ENC': u'd9beaa77-2f65-4264-8aa4-c4f0b300688d',
 u'ID_FS_VERSION': u'1.0',
 u'MAJOR': u'7',
 u'MINOR': u'1',
 u'MPATH_SBIN_PATH': u'/sbin',
 u'SUBSYSTEM': u'block',
 u'TAGS': u':systemd:',
 u'USEC_INITIALIZED': u'899378'} ; name: loop1 ;
20:47:09,183 INFO blivet: scanning loop1 (/sys/devices/virtual/block/loop1)...
20:47:09,184 DEBUG blivet:           DeviceTree.getDeviceByName: hidden: False ; name: loop1 ; incomplete: False ;
20:47:09,188 DEBUG blivet:           DeviceTree.getDeviceByName returned None
20:47:09,189 INFO blivet: loop1 is a loop device
20:47:09,191 DEBUG blivet:           DeviceTree.addUdevLoopDevice: name: loop1 ;
20:47:09,195 DEBUG blivet:            DeviceTree.getDeviceByName: hidden: False ; name: /LiveOS/rootfs.img ; incomplete: False ;
20:47:09,197 DEBUG blivet:            DeviceTree.getDeviceByName returned None
20:47:09,198 DEBUG blivet: getFormat('None') returning DeviceFormat instance with object id 17
20:47:09,201 DEBUG blivet:               FileDevice._setFormat: /LiveOS/rootfs.img ; current: None ; type: None ;
20:47:09,201 INFO blivet: added file /LiveOS/rootfs.img (id 16) to device tree
20:47:09,205 DEBUG blivet:                  FileDevice.addChild: kids: 0 ; name: /LiveOS/rootfs.img ;
20:47:09,205 DEBUG blivet: getFormat('None') returning DeviceFormat instance with object id 20
20:47:09,207 DEBUG blivet:               LoopDevice._setFormat: loop1 ; current: None ; type: None ;
20:47:09,208 INFO blivet: added loop loop1 (id 19) to device tree
20:47:09,211 INFO blivet: got device: u'loop1'
20:47:09,212 DEBUG blivet:           DeviceTree.handleUdevDeviceFormat: name: loop1 ;
20:47:09,230 DEBUG blivet:            DeviceTree.handleUdevDiskLabelFormat: device: loop1 ; label_type: None ;
20:47:09,230 DEBUG blivet: device loop1 does not contain a disklabel
20:47:09,231 INFO blivet: type detected on 'loop1' is 'ext4'
20:47:09,341 WARN blivet: ext4 filesystem on /dev/loop1 needs repair
20:47:09,345 DEBUG blivet:               Ext4FS.supported: supported: True ;
20:47:09,346 DEBUG blivet: getFormat('ext4') returning Ext4FS instance with object id 22
20:47:09,349 DEBUG blivet:             LoopDevice._setFormat: loop1 ; current: None ; type: ext4 ;
20:47:09,349 INFO blivet: got format: existing ext4 filesystem
20:47:09,353 DEBUG blivet:          DeviceTree.addUdevDevice: info: {u'DEVNAME': u'/dev/loop2',
 u'DEVPATH': u'/devices/virtual/block/loop2',
 u'DEVTYPE': u'disk',
 u'DM_MULTIPATH_TIMESTAMP': u'1526503621',
 u'MAJOR': u'7',
 u'MINOR': u'2',
 u'MPATH_SBIN_PATH': u'/sbin',
 u'SUBSYSTEM': u'block',
 u'TAGS': u':systemd:',
 u'USEC_INITIALIZED': u'899434'} ; name: loop2 ;
20:47:09,354 INFO blivet: scanning loop2 (/sys/devices/virtual/block/loop2)...
20:47:09,357 DEBUG blivet:           DeviceTree.getDeviceByName: hidden: False ; name: loop2 ; incomplete: False ;
20:47:09,360 DEBUG blivet:           DeviceTree.getDeviceByName returned None
20:47:09,361 INFO blivet: loop2 is a loop device
20:47:09,363 DEBUG blivet:           DeviceTree.addUdevLoopDevice: name: loop2 ;
20:47:09,366 DEBUG blivet:            DeviceTree.getDeviceByName: hidden: False ; name: /overlay (deleted) ; incomplete: False ;
20:47:09,369 DEBUG blivet:            DeviceTree.getDeviceByName returned None
20:47:09,370 DEBUG blivet: getFormat('None') returning DeviceFormat instance with object id 25
20:47:09,379 DEBUG blivet:               FileDevice._setFormat: /overlay (deleted) ; current: None ; type: None ;
20:47:09,381 INFO blivet: added file /overlay (deleted) (id 24) to device tree
20:47:09,386 DEBUG blivet:                  FileDevice.addChild: kids: 0 ; name: /overlay (deleted) ;
20:47:09,386 DEBUG blivet: getFormat('None') returning DeviceFormat instance with object id 28
20:47:09,390 DEBUG blivet:               LoopDevice._setFormat: loop2 ; current: None ; type: None ;
20:47:09,392 INFO blivet: added loop loop2 (id 27) to device tree
20:47:09,394 INFO blivet: got device: u'loop2'
20:47:09,397 DEBUG blivet:           DeviceTree.handleUdevDeviceFormat: name: loop2 ;
20:47:09,420 DEBUG blivet:            DeviceTree.handleUdevDiskLabelFormat: device: loop2 ; label_type: None ;
20:47:09,420 DEBUG blivet: device loop2 does not contain a disklabel
20:47:09,420 DEBUG blivet: no type or existing type for loop2, bailing
20:47:09,423 DEBUG blivet:          DeviceTree.addUdevDevice: info: {u'DEVLINKS': u'/dev/disk/by-id/dm-name-live-rw /dev/disk/by-label/Anaconda /dev/disk/by-uuid/d9beaa77-2f65-4264-8aa4-c4f0b300688d /dev/mapper/live-rw',
 u'DEVNAME': u'/dev/dm-0',
 u'DEVPATH': u'/devices/virtual/block/dm-0',
 u'DEVTYPE': u'disk',
 u'DM_MULTIPATH_TIMESTAMP': u'1526503621',
 u'DM_NAME': u'live-rw',
 u'DM_SUSPENDED': u'0',
 u'DM_UDEV_DISABLE_LIBRARY_FALLBACK_FLAG': u'1',
 u'DM_UDEV_PRIMARY_SOURCE_FLAG': u'1',
 u'DM_UDEV_RULES_VSN': u'2',
 u'ID_FS_LABEL': u'Anaconda',
 u'ID_FS_LABEL_ENC': u'Anaconda',
 u'ID_FS_TYPE': u'ext4',
 u'ID_FS_USAGE': u'filesystem',
 u'ID_FS_UUID': u'd9beaa77-2f65-4264-8aa4-c4f0b300688d',
 u'ID_FS_UUID_ENC': u'd9beaa77-2f65-4264-8aa4-c4f0b300688d',
 u'ID_FS_VERSION': u'1.0',
 u'MAJOR': u'253',
 u'MINOR': u'0',
 u'MPATH_SBIN_PATH': u'/sbin',
 u'SUBSYSTEM': u'block',
 u'TAGS': u':systemd:',
 u'USEC_INITIALIZED': u'523683'} ; name: live-rw ;
20:47:09,423 INFO blivet: scanning live-rw (/sys/devices/virtual/block/dm-0)...
20:47:09,424 DEBUG blivet:           DeviceTree.getDeviceByName: hidden: False ; name: live-rw ; incomplete: False ;
20:47:09,426 DEBUG blivet:           DeviceTree.getDeviceByName returned None
20:47:09,426 INFO blivet: live-rw is a device-mapper device
20:47:09,427 DEBUG blivet:           DeviceTree.addUdevDMDevice: name: live-rw ;
20:47:09,429 DEBUG blivet:            DeviceTree.getDeviceByName: hidden: False ; name: loop1 ; incomplete: False ;
20:47:09,430 DEBUG blivet:            DeviceTree.getDeviceByName returned loop1
20:47:09,431 DEBUG blivet:            DeviceTree.getDeviceByName: hidden: False ; name: loop2 ; incomplete: False ;
20:47:09,432 DEBUG blivet:            DeviceTree.getDeviceByName returned loop2
20:47:09,433 DEBUG blivet:            DeviceTree.getDeviceByName: hidden: False ; name: live-rw ; incomplete: False ;
20:47:09,436 DEBUG blivet:            DeviceTree.getDeviceByName returned None
20:47:09,439 DEBUG blivet:                  LoopDevice.addChild: kids: 0 ; name: loop2 ;
20:47:09,439 DEBUG blivet: getFormat('None') returning DeviceFormat instance with object id 32
20:47:09,441 DEBUG blivet:               DMDevice._setFormat: live-rw ; current: None ; type: None ;
20:47:09,445 DEBUG blivet:                DMDevice.readCurrentSize: path: /dev/mapper/live-rw ; sysfsPath: /sys/devices/virtual/block/dm-0 ; exists: True ;
20:47:09,447 DEBUG blivet: updated live-rw size to 2048 MiB (2048 MiB)
20:47:09,494 INFO blivet: added dm live-rw (id 31) to device tree
20:47:09,496 INFO blivet: got device: u'live-rw'
20:47:09,497 DEBUG blivet:           DeviceTree.handleUdevDeviceFormat: name: live-rw ;
20:47:09,517 DEBUG blivet:            DeviceTree.handleUdevDiskLabelFormat: device: live-rw ; label_type: None ;
20:47:09,517 DEBUG blivet: device live-rw does not contain a disklabel
20:47:09,518 INFO blivet: type detected on 'live-rw' is 'ext4'
20:47:09,566 DEBUG blivet: size=1386.3 MiB, current=2048 MiB
20:47:09,603 DEBUG blivet: padding min size from 1386.3 MiB up to 1525 MiB
20:47:09,639 DEBUG blivet:               Ext4FS.supported: supported: True ;
20:47:09,640 DEBUG blivet: getFormat('ext4') returning Ext4FS instance with object id 34
20:47:09,642 DEBUG blivet:             DMDevice._setFormat: live-rw ; current: None ; type: ext4 ;
20:47:09,643 INFO blivet: got format: existing ext4 filesystem
20:47:09,646 DEBUG blivet:          DeviceTree.addUdevDevice: info: {u'DEVLINKS': u'/dev/disk/by-id/dm-name-live-base /dev/disk/by-label/Anaconda /dev/disk/by-uuid/d9beaa77-2f65-4264-8aa4-c4f0b300688d /dev/mapper/live-base',
 u'DEVNAME': u'/dev/dm-1',
 u'DEVPATH': u'/devices/virtual/block/dm-1',
 u'DEVTYPE': u'disk',
 u'DM_MULTIPATH_TIMESTAMP': u'1526503621',
 u'DM_NAME': u'live-base',
 u'DM_SUSPENDED': u'0',
 u'DM_UDEV_DISABLE_LIBRARY_FALLBACK_FLAG': u'1',
 u'DM_UDEV_PRIMARY_SOURCE_FLAG': u'1',
 u'DM_UDEV_RULES_VSN': u'2',
 u'ID_FS_LABEL': u'Anaconda',
 u'ID_FS_LABEL_ENC': u'Anaconda',
 u'ID_FS_TYPE': u'ext4',
 u'ID_FS_USAGE': u'filesystem',
 u'ID_FS_UUID': u'd9beaa77-2f65-4264-8aa4-c4f0b300688d',
 u'ID_FS_UUID_ENC': u'd9beaa77-2f65-4264-8aa4-c4f0b300688d',
 u'ID_FS_VERSION': u'1.0',
 u'MAJOR': u'253',
 u'MINOR': u'1',
 u'MPATH_SBIN_PATH': u'/sbin',
 u'SUBSYSTEM': u'block',
 u'TAGS': u':systemd:',
 u'USEC_INITIALIZED': u'549977'} ; name: live-base ;
20:47:09,649 INFO blivet: scanning live-base (/sys/devices/virtual/block/dm-1)...
20:47:09,651 DEBUG blivet:           DeviceTree.getDeviceByName: hidden: False ; name: live-base ; incomplete: False ;
20:47:09,652 DEBUG blivet:           DeviceTree.getDeviceByName returned None
20:47:09,653 INFO blivet: live-base is a device-mapper device
20:47:09,656 DEBUG blivet:           DeviceTree.addUdevDMDevice: name: live-base ;
20:47:09,659 DEBUG blivet:            DMDevice.getDMNode: live-rw ; status: True ;
20:47:09,662 DEBUG blivet:            DeviceTree.getDeviceByName: hidden: False ; name: loop1 ; incomplete: False ;
20:47:09,665 DEBUG blivet:            DeviceTree.getDeviceByName returned loop1
20:47:09,667 DEBUG blivet:            DeviceTree.getDeviceByName: hidden: False ; name: live-base ; incomplete: False ;
20:47:09,668 DEBUG blivet:            DeviceTree.getDeviceByName returned None
20:47:09,670 DEBUG blivet:                  LoopDevice.addChild: kids: 0 ; name: loop1 ;
20:47:09,671 DEBUG blivet: getFormat('None') returning DeviceFormat instance with object id 37
20:47:09,672 DEBUG blivet:               DMDevice._setFormat: live-base ; current: None ; type: None ;
20:47:09,674 DEBUG blivet:                DMDevice.readCurrentSize: path: /dev/mapper/live-base ; sysfsPath: /sys/devices/virtual/block/dm-1 ; exists: True ;
20:47:09,676 DEBUG blivet: updated live-base size to 2048 MiB (2048 MiB)
20:47:09,697 INFO blivet: added dm live-base (id 36) to device tree
20:47:09,698 INFO blivet: got device: u'live-base'
20:47:09,699 DEBUG blivet:           DeviceTree.handleUdevDeviceFormat: name: live-base ;
20:47:09,710 DEBUG blivet:            DeviceTree.handleUdevDiskLabelFormat: device: live-base ; label_type: None ;
20:47:09,710 DEBUG blivet: device live-base does not contain a disklabel
20:47:09,711 INFO blivet: type detected on 'live-base' is 'ext4'
20:47:09,751 WARN blivet: ext4 filesystem on /dev/mapper/live-base needs repair
20:47:09,753 DEBUG blivet:               Ext4FS.supported: supported: True ;
20:47:09,753 DEBUG blivet: getFormat('ext4') returning Ext4FS instance with object id 39
20:47:09,754 DEBUG blivet:             DMDevice._setFormat: live-base ; current: None ; type: ext4 ;
20:47:09,755 INFO blivet: got format: existing ext4 filesystem
20:47:09,769 DEBUG blivet:           DiskDevice.teardown: vda ; status: True ; controllable: True ;
20:47:09,771 DEBUG blivet:             DeviceFormat.teardown: device: /dev/vda ; status: False ; type: None ;
20:47:09,772 DEBUG blivet:             DeviceFormat.teardown: device: /dev/vda ; status: False ; type: None ;
20:47:09,784 INFO blivet: not going to restore from backup of non-existent /etc/mdadm.conf
20:47:09,784 INFO blivet: edd: collected mbr signatures: {}
20:47:09,785 DEBUG blivet: edd: data extracted from 0x80:
	type: SCSI, ata_device: None
	channel: 0, mbr_signature: None
	pci_dev: 00:05.0, scsi_id: 0
	scsi_lun: 0, sectors: 16777216
20:47:09,786 DEBUG blivet: edd: matched 0x80 to vda using pci_dev
20:47:09,788 DEBUG blivet:          DiskDevice.teardown: vda ; status: True ; controllable: True ;
20:47:09,789 DEBUG blivet:            DeviceFormat.teardown: device: /dev/vda ; status: False ; type: None ;
20:47:09,790 DEBUG blivet:            DeviceFormat.teardown: device: /dev/vda ; status: False ; type: None ;
20:47:09,883 DEBUG blivet:             Ext4FS.supported: supported: True ;
20:47:09,885 DEBUG blivet:             Ext4FS.supported: supported: True ;
20:47:09,887 DEBUG blivet:            Ext4FS.supported: supported: True ;
20:47:09,945 DEBUG blivet:          DeviceTree.getDependentDevices: dep: existing 8192 MiB disk vda (4) ; hidden: False ;
20:47:10,074 DEBUG blivet: dep is a leaf
20:44:17,196 DEBUG blivet:          DeviceTree.getDevicesByInstance: hidden: False ; incomplete: False ; device_class: <class 'blivet.devices.partition.PartitionDevice'> ;
20:44:17,197 DEBUG blivet:          DeviceTree.getDevicesByInstance returned []
20:44:17,198 DEBUG blivet:          DeviceTree.getDependentDevices: dep: existing 8192 MiB disk vda (4) ; hidden: False ;
20:44:17,219 DEBUG blivet: dep is a leaf
20:44:17,219 DEBUG blivet: removing vda
20:44:17,220 DEBUG blivet:           DeviceTree.getDependentDevices: dep: existing 8192 MiB disk vda (4) ; hidden: False ;
20:44:17,241 DEBUG blivet: dep is a leaf
20:44:17,241 DEBUG blivet: getFormat('None') returning DeviceFormat instance with object id 42
20:44:17,243 DEBUG blivet:             DiskDevice._setFormat: vda ; current: None ; type: None ;
20:44:17,243 INFO blivet: registered action: [41] destroy format None on disk vda (id 4)
20:44:17,243 DEBUG blivet: clearpart: initializing vda
20:44:17,243 DEBUG blivet: getFormat('None') returning DeviceFormat instance with object id 44
20:44:17,244 DEBUG blivet:             DiskDevice._setFormat: vda ; current: None ; type: None ;
20:44:17,244 INFO blivet: registered action: [43] destroy format None on disk vda (id 4)
20:44:17,246 DEBUG blivet: default disklabel type for vda is msdos
20:44:17,247 DEBUG blivet: selecting msdos disklabel for vda based on size
20:44:17,248 DEBUG blivet:           DiskLabel.__init__: device: /dev/vda ; labelType: msdos ;
20:44:17,249 DEBUG blivet:              DiskLabel.freshPartedDisk: device: /dev/vda ; labelType: msdos ;
20:44:17,249 DEBUG blivet: Did not change pmbr_boot on parted.Disk instance --
  type: msdos  primaryPartitionCount: 0
  lastPartitionNumber: -1  maxPrimaryPartitionCount: 4
  partitions: []
  device: <parted.device.Device object at 0x7fef124213d0>
  PedDisk: <_ped.Disk object at 0x7fef0dd17680>
20:44:17,261 DEBUG blivet: getFormat('disklabel') returning DiskLabel instance with object id 45
20:44:17,263 DEBUG blivet:             DiskDevice._setFormat: vda ; current: None ; type: disklabel ;
20:44:17,264 INFO blivet: registered action: [46] create format msdos disklabel on disk vda (id 4)
20:44:17,266 DEBUG blivet:          DeviceTree.getDevicesByInstance: hidden: False ; incomplete: False ; device_class: <class 'blivet.devices.partition.PartitionDevice'> ;
20:44:17,268 DEBUG blivet:          DeviceTree.getDevicesByInstance returned []
20:44:17,286 DEBUG blivet:          DeviceTree.getDeviceByName: hidden: False ; name: vda ; incomplete: False ;
20:44:17,287 DEBUG blivet:          DeviceTree.getDeviceByName returned vda
20:44:17,287 DEBUG blivet: resolved 'vda' to 'vda' (disk)
20:44:17,288 DEBUG blivet:          DeviceTree.getDeviceByName: hidden: False ; name: vda ; incomplete: False ;
20:44:17,289 DEBUG blivet:          DeviceTree.getDeviceByName returned vda
20:44:17,291 DEBUG blivet:         DeviceTree.getDeviceByName: hidden: False ; name: vda ; incomplete: False ;
20:44:17,292 DEBUG blivet:         DeviceTree.getDeviceByName returned vda
20:44:17,292 DEBUG blivet: resolved 'vda' to 'vda' (disk)
20:44:17,293 DEBUG blivet:           XFS.supported: supported: True ;
20:44:17,294 DEBUG blivet: getFormat('xfs') returning XFS instance with object id 47
20:44:17,295 DEBUG blivet:          DeviceTree.getDeviceByName: hidden: False ; name: vda ; incomplete: False ;
20:44:17,296 DEBUG blivet:          DeviceTree.getDeviceByName returned vda
20:44:17,297 DEBUG blivet: resolved 'vda' to 'vda' (disk)
20:44:17,299 DEBUG blivet:                DiskDevice.addChild: kids: 0 ; name: vda ;
20:44:17,300 DEBUG blivet:             PartitionDevice._setFormat: req0 ; current: None ; type: xfs ;
20:44:17,301 DEBUG blivet:               DiskDevice.removeChild: kids: 1 ; name: vda ;
20:44:17,302 INFO blivet: added partition req0 (id 48) to device tree
20:44:17,302 INFO blivet: registered action: [50] create device partition req0 (id 48)
20:44:17,302 DEBUG blivet: getFormat('None') returning DeviceFormat instance with object id 52
20:44:17,304 DEBUG blivet:             PartitionDevice._setFormat: req0 ; current: xfs ; type: xfs ;
20:44:17,304 INFO blivet: registered action: [51] create format xfs filesystem mounted at / on partition req0 (id 48)
20:44:17,306 DEBUG blivet:         DiskDevice.setup: vda ; status: True ; controllable: True ; orig: False ;
20:44:17,307 DEBUG blivet:          DeviceTree.getDevicesByInstance: hidden: False ; incomplete: False ; device_class: <class 'blivet.devices.partition.PartitionDevice'> ;
20:44:17,308 DEBUG blivet:          DeviceTree.getDevicesByInstance returned ['req0']
20:44:17,308 DEBUG blivet:          DeviceTree.getDevicesByInstance: hidden: False ; incomplete: False ; device_class: <class 'blivet.devices.partition.PartitionDevice'> ;
20:44:17,309 DEBUG blivet:          DeviceTree.getDevicesByInstance returned ['req0']
20:44:17,310 DEBUG blivet: removing all non-preexisting partitions ['req0(id 48)'] from disk(s) [u'vda']
20:44:17,311 DEBUG blivet: allocatePartitions: disks=[u'vda'] ; partitions=['req0(id 48)']
20:44:17,312 DEBUG blivet:            DeviceTree.getDeviceByName: hidden: False ; name: vda ; incomplete: False ;
20:44:17,313 DEBUG blivet:            DeviceTree.getDeviceByName returned vda
20:44:17,313 DEBUG blivet: resolved 'vda' to 'vda' (disk)
20:44:17,313 DEBUG blivet: removing all non-preexisting partitions ['req0(id 48)'] from disk(s) [u'vda']
20:44:17,314 DEBUG blivet: allocating partition: req0 ; id: 48 ; disks: [u'vda'] ;
boot: False ; primary: False ; size: 4294967296 ; grow: True ; max_size: 0 B ; start: None ; end: None
20:44:17,315 DEBUG blivet: checking freespace on vda
20:44:17,315 DEBUG blivet: getBestFreeSpaceRegion: disk=/dev/vda part_type=0 req_size=4294967296 boot=False best=None grow=True start=None
20:44:17,316 DEBUG blivet: checking 63-16777215 (8191)
20:44:17,316 DEBUG blivet: current free range is 63-16777215 (8191)
20:44:17,316 DEBUG blivet: evaluating growth potential for new layout
20:44:17,317 DEBUG blivet: calculating growth for disk /dev/vda
20:44:17,317 DEBUG blivet: using alignment: parted.Alignment instance --
  offset: 0  grainSize: 2048
  PedAlignment: <_ped.Alignment object at 0x7fef1539c7d0>
20:44:17,317 DEBUG blivet: adjusted start sector from 63 to 2048
20:44:17,319 DEBUG blivet:           PartitionDevice._setPartedPartition: req0 ;
20:44:17,319 DEBUG blivet: device req0 new partedPartition parted.Partition instance --
  disk: <parted.disk.Disk object at 0x7fef12421550>  fileSystem: None
  number: 1  path: /dev/vda1  type: 0
  name: None  active: True  busy: False
  geometry: <parted.geometry.Geometry object at 0x7fef1539ce50>  PedPartition: <_ped.Partition object at 0x7fef1539eb30>
20:44:17,321 DEBUG blivet:           PartitionDevice._setDisk: vda1 ; new: vda ; old: None ;
20:44:17,322 DEBUG blivet:              DiskDevice.addChild: kids: 0 ; name: vda ;
20:44:17,322 DEBUG blivet: adding request 48 to chunk 16775168 (2048-16777215) on /dev/vda
20:44:17,323 DEBUG blivet: Chunk.growRequests: 16775168 on /dev/vda start = 2048  end = 16777215
sectorSize = 512 B

20:44:17,323 DEBUG blivet: req: PartitionRequest instance --
id = 48  name = vda1  growable = True
base = 8388608  growth = 0  max_grow = 4286578687
done = False
20:44:17,324 DEBUG blivet: 1 requests and 8386560 (4293918720) left in chunk
20:44:17,324 DEBUG blivet: adding 8386560 (4293918720) to 48 (vda1)
20:44:17,325 DEBUG blivet: new grow amount for request 48 (vda1) is 8386560 units, or 4293918720
20:44:17,325 DEBUG blivet: request 48 (vda1) growth: 8386560 (4293918720MB) size: 8588886016
20:44:17,325 DEBUG blivet: disk /dev/vda growth: 8386560 (4293918720)
20:44:17,326 DEBUG blivet:           PartitionDevice._setPartedPartition: vda1 ;
20:44:17,327 DEBUG blivet: device vda1 new partedPartition None
20:44:17,328 DEBUG blivet:           PartitionDevice._setDisk: req0 ; new: None ; old: vda ;
20:44:17,329 DEBUG blivet:                DiskDevice.removeChild: kids: 1 ; name: vda ;
20:44:17,329 DEBUG blivet: total growth: 8386560 sectors
20:44:17,329 DEBUG blivet: updating use_disk to vda, type: 0
20:44:17,330 DEBUG blivet: new free: 63-16777215 / 8191
20:44:17,330 DEBUG blivet: new free allows for 8386560 sectors of growth
20:44:17,330 DEBUG blivet: using alignment: parted.Alignment instance --
  offset: 0  grainSize: 2048
  PedAlignment: <_ped.Alignment object at 0x7fef1539c7d0>
20:44:17,331 DEBUG blivet: adjusted start sector from 63 to 2048
20:44:17,331 DEBUG blivet: created partition vda1 of 4096 and added it to /dev/vda
20:44:17,333 DEBUG blivet:           PartitionDevice._setPartedPartition: req0 ;
20:44:17,333 DEBUG blivet: device req0 new partedPartition parted.Partition instance --
  disk: <parted.disk.Disk object at 0x7fef12421550>  fileSystem: None
  number: 1  path: /dev/vda1  type: 0
  name: None  active: True  busy: False
  geometry: <parted.geometry.Geometry object at 0x7fef153ac110>  PedPartition: <_ped.Partition object at 0x7fef1539ecb0>
20:44:17,335 DEBUG blivet:           PartitionDevice._setDisk: vda1 ; new: vda ; old: None ;
20:44:17,336 DEBUG blivet:              DiskDevice.addChild: kids: 0 ; name: vda ;
20:44:17,337 DEBUG blivet:           PartitionDevice._setPartedPartition: vda1 ;
20:44:17,337 DEBUG blivet: device vda1 new partedPartition parted.Partition instance --
  disk: <parted.disk.Disk object at 0x7fef12421550>  fileSystem: None
  number: 1  path: /dev/vda1  type: 0
  name: None  active: True  busy: False
  geometry: <parted.geometry.Geometry object at 0x7fef1539ced0>  PedPartition: <_ped.Partition object at 0x7fef1539ec50>
20:44:17,338 DEBUG blivet: growPartitions: disks=[u'vda'], partitions=['vda1(id 48)']
20:44:17,338 DEBUG blivet: growable partitions are ['vda1']
20:44:17,339 DEBUG blivet: adding request 48 to chunk 16775168 (2048-16777215) on /dev/vda
20:44:17,339 DEBUG blivet: disk vda has 1 chunks
20:44:17,340 DEBUG blivet: Chunk.growRequests: 16775168 on /dev/vda start = 2048  end = 16777215
sectorSize = 512 B

20:44:17,340 DEBUG blivet: req: PartitionRequest instance --
id = 48  name = vda1  growable = True
base = 8388608  growth = 0  max_grow = 4286578687
done = False
20:44:17,341 DEBUG blivet: 1 requests and 8386560 (4293918720) left in chunk
20:44:17,341 DEBUG blivet: adding 8386560 (4293918720) to 48 (vda1)
20:44:17,341 DEBUG blivet: new grow amount for request 48 (vda1) is 8386560 units, or 4293918720
20:44:17,342 DEBUG blivet: growing partitions on vda
20:44:17,342 DEBUG blivet: partition vda1 (48): 0
20:44:17,343 DEBUG blivet: new geometry for vda1: parted.Geometry instance --
  start: 2048  end: 16777215  length: 16775168
  device: <parted.device.Device object at 0x7fef12421210>  PedGeometry: <_ped.Geometry object at 0x7fef153ac250>
20:44:17,343 DEBUG blivet: removing all non-preexisting partitions ['vda1(id 48)'] from disk(s) [u'vda']
20:44:17,344 DEBUG blivet:            PartitionDevice._setPartedPartition: vda1 ;
20:44:17,344 DEBUG blivet: device vda1 new partedPartition None
20:44:17,345 DEBUG blivet:            PartitionDevice._setDisk: req0 ; new: None ; old: vda ;
20:44:17,347 DEBUG blivet:                 DiskDevice.removeChild: kids: 1 ; name: vda ;
20:44:17,347 DEBUG blivet: back from removeNewPartitions
20:44:17,347 DEBUG blivet: extended: None
20:44:17,347 DEBUG blivet: setting req0 new geometry: parted.Geometry instance --
  start: 2048  end: 16777215  length: 16775168
  device: <parted.device.Device object at 0x7fef12421210>  PedGeometry: <_ped.Geometry object at 0x7fef153ac250>
20:44:17,349 DEBUG blivet:           PartitionDevice._setPartedPartition: req0 ;
20:44:17,349 DEBUG blivet: device req0 new partedPartition parted.Partition instance --
  disk: <parted.disk.Disk object at 0x7fef12421550>  fileSystem: None
  number: 1  path: /dev/vda1  type: 0
  name: None  active: True  busy: False
  geometry: <parted.geometry.Geometry object at 0x7fef153ac610>  PedPartition: <_ped.Partition object at 0x7fef1539ea70>
20:44:17,351 DEBUG blivet:           PartitionDevice._setDisk: vda1 ; new: vda ; old: None ;
20:44:17,352 DEBUG blivet:              DiskDevice.addChild: kids: 0 ; name: vda ;
20:44:17,353 DEBUG blivet:           PartitionDevice._setPartedPartition: vda1 ;
20:44:17,353 DEBUG blivet: device vda1 new partedPartition parted.Partition instance --
  disk: <parted.disk.Disk object at 0x7fef12421550>  fileSystem: None
  number: 1  path: /dev/vda1  type: 0
  name: None  active: True  busy: False
  geometry: <parted.geometry.Geometry object at 0x7fef1539cdd0>  PedPartition: <_ped.Partition object at 0x7fef1539ecb0>
20:44:17,355 DEBUG blivet:          DeviceTree.getDevicesByInstance: hidden: False ; incomplete: False ; device_class: <class 'blivet.devices.partition.PartitionDevice'> ;
20:44:17,356 DEBUG blivet:          DeviceTree.getDevicesByInstance returned ['vda1']
20:44:17,356 DEBUG blivet: fixing size of non-existent 8191 MiB partition vda1 (48) with non-existent xfs filesystem mounted at /
20:44:17,368 DEBUG blivet:          DeviceTree.getDevicesByInstance: hidden: False ; incomplete: False ; device_class: <class 'blivet.devices.partition.PartitionDevice'> ;
20:44:17,369 DEBUG blivet:          DeviceTree.getDevicesByInstance returned ['vda1']
20:44:17,370 DEBUG blivet:           DeviceTree.getDevicesByInstance: hidden: False ; incomplete: False ; device_class: <class 'blivet.devices.partition.PartitionDevice'> ;
20:44:17,371 DEBUG blivet:           DeviceTree.getDevicesByInstance returned ['vda1']
20:44:17,372 DEBUG blivet:          DeviceTree.getDevicesByInstance: hidden: False ; incomplete: False ; device_class: <class 'blivet.devices.partition.PartitionDevice'> ;
20:44:17,373 DEBUG blivet:          DeviceTree.getDevicesByInstance returned ['vda1']
20:44:17,389 DEBUG blivet:           DeviceTree.getDeviceByName: hidden: False ; name: vda ; incomplete: False ;
20:44:17,391 DEBUG blivet:           DeviceTree.getDeviceByName returned vda
20:44:17,391 DEBUG blivet: resolved 'vda' to 'vda' (disk)
20:44:17,393 DEBUG blivet:           DeviceTree.getDeviceByName: hidden: False ; name: vda ; incomplete: False ;
20:44:17,394 DEBUG blivet:           DeviceTree.getDeviceByName returned vda
20:44:17,396 DEBUG blivet:          DeviceTree.getDeviceByName: hidden: False ; name: vda ; incomplete: False ;
20:44:17,397 DEBUG blivet:          DeviceTree.getDeviceByName returned vda
20:44:17,397 DEBUG blivet: resolved 'vda' to 'vda' (disk)
20:44:17,398 DEBUG blivet:         DeviceTree.getDeviceByName: hidden: False ; name: vda ; incomplete: False ;
20:44:17,399 DEBUG blivet:         DeviceTree.getDeviceByName returned vda
20:44:17,399 DEBUG blivet: resolved 'vda' to 'vda' (disk)
20:44:18,503 INFO blivet: omitting ksdata: existing 8192 MiB disk vda (4) with non-existent msdos disklabel
20:44:18,531 DEBUG blivet:         PartitionDevice.teardown: vda1 ; status: False ; controllable: True ;
20:44:18,532 DEBUG blivet:           DiskDevice.teardown: vda ; status: True ; controllable: True ;
20:44:18,533 DEBUG blivet:             DeviceFormat.teardown: device: /dev/vda ; status: False ; type: None ;
20:44:18,545 DEBUG blivet: action: [41] destroy format None on disk vda (id 4)
20:44:18,546 DEBUG blivet: action: [43] destroy format None on disk vda (id 4)
20:44:18,546 DEBUG blivet: action: [46] create format msdos disklabel on disk vda (id 4)
20:44:18,547 DEBUG blivet: action: [50] create device partition vda1 (id 48)
20:44:18,548 DEBUG blivet: action: [51] create format xfs filesystem mounted at / on partition vda1 (id 48)
20:44:18,548 INFO blivet: pruning action queue...
20:44:18,549 INFO blivet: removing obsolete action 43 (41)
20:44:18,550 INFO blivet: resetting parted disks...
20:44:18,551 DEBUG blivet:           DiskLabel.resetPartedDisk: device: /dev/vda ;
20:44:18,553 DEBUG blivet:           PartitionDevice.preCommitFixup: vda1 ;
20:44:18,553 INFO blivet: sorting actions...
20:44:18,554 DEBUG blivet: action: [41] destroy format None on disk vda (id 4)
20:44:18,555 DEBUG blivet: lvm filter: removing vda1 from the reject list
20:44:18,555 DEBUG blivet: vda1 wasn't in the reject list
20:44:18,556 DEBUG blivet: action: [46] create format msdos disklabel on disk vda (id 4)
20:44:18,556 DEBUG blivet: lvm filter: removing vda1 from the reject list
20:44:18,557 DEBUG blivet: vda1 wasn't in the reject list
20:44:18,557 DEBUG blivet: action: [50] create device partition vda1 (id 48)
20:44:18,558 DEBUG blivet: action: [51] create format xfs filesystem mounted at / on partition vda1 (id 48)
20:44:18,559 INFO blivet: executing action: [41] destroy format None on disk vda (id 4)
20:44:18,560 DEBUG blivet:           DiskDevice.setup: vda ; status: True ; controllable: True ; orig: True ;
20:44:18,561 DEBUG blivet:           DeviceFormat.destroy: device: /dev/vda ; status: False ; type: None ;
20:44:18,602 INFO blivet: executing action: [46] create format msdos disklabel on disk vda (id 4)
20:44:18,604 DEBUG blivet:           DiskDevice.setup: vda ; status: True ; controllable: True ; orig: False ;
20:44:18,605 DEBUG blivet:           DiskDevice.setup: vda ; status: True ; controllable: True ; orig: False ;
20:44:18,606 DEBUG blivet:           DiskLabel.create: device: /dev/vda ; status: False ; type: disklabel ;
20:44:18,607 DEBUG blivet:            DiskLabel.create: device: /dev/vda ; status: False ; type: disklabel ;
20:44:18,609 DEBUG blivet:            DiskLabel.commit: device: /dev/vda ; numparts: 0 ;
20:44:18,814 INFO blivet: executing action: [50] create device partition vda1 (id 48)
20:44:18,815 DEBUG blivet:           PartitionDevice.create: vda1 ; status: False ;
20:44:18,816 DEBUG blivet:             PartitionDevice.setupParents: kids: 0 ; name: vda1 ; orig: False ;
20:44:18,818 DEBUG blivet:              DiskDevice.setup: vda ; status: True ; controllable: True ; orig: False ;
20:44:18,819 DEBUG blivet:              DiskLabel.setup: device: /dev/vda ; status: False ; type: disklabel ;
20:44:18,820 DEBUG blivet:            PartitionDevice._create: vda1 ; status: False ;
20:44:18,822 DEBUG blivet:             PartitionDevice._wipe: vda1 ; status: False ;
20:44:18,908 DEBUG blivet:             DiskLabel.commit: device: /dev/vda ; numparts: 1 ;
20:44:18,974 DEBUG blivet: post-commit partition path is /dev/vda1
20:44:18,975 DEBUG blivet:              PartitionDevice._setPartedPartition: vda1 ;
20:44:18,976 DEBUG blivet: device vda1 new partedPartition parted.Partition instance --
  disk: <parted.disk.Disk object at 0x7fef12421cd0>  fileSystem: None
  number: 1  path: /dev/vda1  type: 0
  name: None  active: True  busy: False
  geometry: <parted.geometry.Geometry object at 0x7fef15348250>  PedPartition: <_ped.Partition object at 0x7fef1533a830>
20:44:18,979 DEBUG blivet:             DeviceFormat.destroy: device: /dev/vda1 ; status: False ; type: None ;
20:44:19,004 DEBUG blivet:              PartitionDevice.setup: vda1 ; status: True ; controllable: True ; orig: False ;
20:44:19,005 DEBUG blivet:              PartitionDevice.updateSysfsPath: vda1 ; status: True ;
20:44:19,006 DEBUG blivet: vda1 sysfsPath set to /sys/devices/pci0000:00/0000:00:05.0/virtio1/block/vda/vda1
20:44:19,019 DEBUG blivet:                PartitionDevice.readCurrentSize: path: /dev/vda1 ; sysfsPath: /sys/devices/pci0000:00/0000:00:05.0/virtio1/block/vda/vda1 ; exists: True ;
20:44:19,020 WARN blivet: queue/logical_block_size is not a valid attribute
20:44:19,020 WARN blivet: queue/optimal_io_size is not a valid attribute
20:44:19,021 WARN blivet: queue/minimum_io_size is not a valid attribute
20:44:19,021 DEBUG blivet: updated vda1 size to 8191 MiB (8191 MiB)
20:44:19,055 INFO blivet: executing action: [51] create format xfs filesystem mounted at / on partition vda1 (id 48)
20:44:19,058 DEBUG blivet:           PartitionDevice.setup: vda1 ; status: True ; controllable: True ; orig: False ;
20:44:19,059 DEBUG blivet:           PartitionDevice.unsetFlag: path: /dev/vda1 ; flag: 1 ;
20:44:19,060 DEBUG blivet:           PartitionDevice.unsetFlag: path: /dev/vda1 ; flag: 2 ;
20:44:19,062 DEBUG blivet:           PartitionDevice.unsetFlag: path: /dev/vda1 ; flag: 3 ;
20:44:19,063 DEBUG blivet:           PartitionDevice.unsetFlag: path: /dev/vda1 ; flag: 4 ;
20:44:19,064 DEBUG blivet:           PartitionDevice.unsetFlag: path: /dev/vda1 ; flag: 5 ;
20:44:19,066 DEBUG blivet:           PartitionDevice.unsetFlag: path: /dev/vda1 ; flag: 6 ;
20:44:19,067 DEBUG blivet:           PartitionDevice.unsetFlag: path: /dev/vda1 ; flag: 8 ;
20:44:19,068 DEBUG blivet:           PartitionDevice.unsetFlag: path: /dev/vda1 ; flag: 9 ;
20:44:19,069 DEBUG blivet:           PartitionDevice.unsetFlag: path: /dev/vda1 ; flag: 10 ;
20:44:19,070 DEBUG blivet:           PartitionDevice.unsetFlag: path: /dev/vda1 ; flag: 11 ;
20:44:19,071 DEBUG blivet:           PartitionDevice.unsetFlag: path: /dev/vda1 ; flag: 12 ;
20:44:19,072 DEBUG blivet:           PartitionDevice.unsetFlag: path: /dev/vda1 ; flag: 13 ;
20:44:19,073 DEBUG blivet:           PartitionDevice.unsetFlag: path: /dev/vda1 ; flag: 14 ;
20:44:19,074 DEBUG blivet:           PartitionDevice.unsetFlag: path: /dev/vda1 ; flag: 15 ;
20:44:19,075 DEBUG blivet:           DiskLabel.commitToDisk: device: /dev/vda ; numparts: 1 ;
20:44:19,108 DEBUG blivet:           PartitionDevice.setup: vda1 ; status: True ; controllable: True ; orig: False ;
20:44:19,110 DEBUG blivet:            XFS.create: device: /dev/vda1 ; status: False ; type: xfs ;
20:44:19,111 DEBUG blivet:            XFS.doFormat: device: /dev/vda1 ; mountpoint: / ; type: xfs ;
20:44:20,431 DEBUG blivet:             XFS.notifyKernel: device: /dev/vda1 ; type: xfs ;
20:44:20,431 DEBUG blivet: notifying kernel of 'change' event on device /sys/class/block/vda1
20:44:20,505 DEBUG blivet:              XFS.notifyKernel: device: /dev/vda1 ; type: xfs ;
20:44:20,505 DEBUG blivet: notifying kernel of 'change' event on device /sys/class/block/vda1
20:44:20,544 DEBUG blivet:           DeviceTree.getDevicesByInstance: hidden: False ; incomplete: False ; device_class: <class 'blivet.devices.partition.PartitionDevice'> ;
20:44:20,545 DEBUG blivet:           DeviceTree.getDevicesByInstance returned ['vda1']
20:44:20,547 DEBUG blivet:            PartitionDevice._setPartedPartition: vda1 ;
20:44:20,547 DEBUG blivet: device vda1 new partedPartition parted.Partition instance --
  disk: <parted.disk.Disk object at 0x7fef12421cd0>  fileSystem: <parted.filesystem.FileSystem object at 0x7fef15348d10>
  number: 1  path: /dev/vda1  type: 0
  name: None  active: True  busy: False
  geometry: <parted.geometry.Geometry object at 0x7fef15348b10>  PedPartition: <_ped.Partition object at 0x7fef15372a70>
20:44:20,549 INFO blivet: setting boot flag on vda1
20:44:20,550 DEBUG blivet:          PartitionDevice.setFlag: path: /dev/vda1 ; flag: 1 ;
20:44:20,551 DEBUG blivet:         DiskDevice.setup: vda ; status: True ; controllable: True ; orig: False ;
20:44:20,552 DEBUG blivet:         DiskLabel.commitToDisk: device: /dev/vda ; numparts: 1 ;
20:44:20,567 DEBUG blivet:              Ext4FS.supported: supported: True ;
20:44:20,569 DEBUG blivet:              Ext4FS.supported: supported: True ;
20:44:20,570 DEBUG blivet:             Ext4FS.supported: supported: True ;
20:44:20,573 DEBUG blivet:              XFS.supported: supported: True ;
20:44:20,610 DEBUG blivet:             BindFS.supported: supported: False ;
20:44:20,610 DEBUG blivet: getFormat('bind') returning BindFS instance with object id 55
20:44:20,611 DEBUG blivet:              DirectoryDevice._setFormat: /dev ; current: None ; type: bind ;
20:44:20,612 DEBUG blivet:               DirectoryDevice.readCurrentSize: path: /dev ; sysfsPath:  ; exists: True ;
20:44:20,613 DEBUG blivet: updated /dev size to 3100 B (0 B)
20:44:20,624 DEBUG blivet:               TmpFS.supported: supported: True ;
20:44:20,644 DEBUG blivet: getFormat('tmpfs') returning TmpFS instance with object id 58
20:44:20,646 DEBUG blivet:              NoDevice._setFormat: tmpfs ; current: None ; type: tmpfs ;
20:44:20,647 DEBUG blivet:              DevPtsFS.supported: supported: False ;
20:44:20,647 DEBUG blivet: getFormat('devpts') returning DevPtsFS instance with object id 61
20:44:20,648 DEBUG blivet:              NoDevice._setFormat: devpts ; current: None ; type: devpts ;
20:44:20,650 DEBUG blivet:              SysFS.supported: supported: False ;
20:44:20,650 DEBUG blivet: getFormat('sysfs') returning SysFS instance with object id 64
20:44:20,651 DEBUG blivet:              NoDevice._setFormat: sysfs ; current: None ; type: sysfs ;
20:44:20,652 DEBUG blivet:              ProcFS.supported: supported: False ;
20:44:20,652 DEBUG blivet: getFormat('proc') returning ProcFS instance with object id 67
20:44:20,653 DEBUG blivet:              NoDevice._setFormat: proc ; current: None ; type: proc ;
20:44:20,655 DEBUG blivet:              SELinuxFS.supported: supported: False ;
20:44:20,655 DEBUG blivet: getFormat('selinuxfs') returning SELinuxFS instance with object id 70
20:44:20,656 DEBUG blivet:              NoDevice._setFormat: selinuxfs ; current: None ; type: selinuxfs ;
20:44:20,657 DEBUG blivet:              USBFS.supported: supported: False ;
20:44:20,657 DEBUG blivet: getFormat('usbfs') returning USBFS instance with object id 73
20:44:20,658 DEBUG blivet:              NoDevice._setFormat: usbfs ; current: None ; type: usbfs ;
20:44:20,659 DEBUG blivet:             BindFS.supported: supported: False ;
20:44:20,659 DEBUG blivet: getFormat('bind') returning BindFS instance with object id 76
20:44:20,661 DEBUG blivet:              DirectoryDevice._setFormat: /run ; current: None ; type: bind ;
20:44:20,662 DEBUG blivet:               DirectoryDevice.readCurrentSize: path: /run ; sysfsPath:  ; exists: True ;
20:44:20,662 DEBUG blivet: updated /run size to 680 B (0 B)
20:44:20,664 DEBUG blivet:          PartitionDevice.setup: vda1 ; status: True ; controllable: True ; orig: False ;
20:44:20,733 INFO blivet: set SELinux context for newly mounted filesystem root at / to system_u:object_r:root_t:s0
20:44:20,733 INFO blivet: set SELinux context for newly mounted filesystem lost+found directory at /lost+found to system_u:object_r:lost_found_t:s0
20:44:20,735 DEBUG blivet:          DirectoryDevice.setup: /dev ; status: True ; controllable: True ; orig: False ;
20:44:20,745 INFO blivet: set SELinux context for newly mounted filesystem root at /dev to system_u:object_r:device_t:s0
20:44:20,745 INFO blivet: set SELinux context for newly mounted filesystem lost+found directory at /dev/lost+found to system_u:object_r:lost_found_t:s0
20:44:20,746 DEBUG blivet:          NoDevice.setup: devpts ; status: False ; controllable: True ; orig: False ;
20:44:20,754 INFO blivet: set SELinux context for newly mounted filesystem root at /dev/pts to system_u:object_r:devpts_t:s0
20:44:20,755 INFO blivet: set SELinux context for newly mounted filesystem lost+found directory at /dev/pts/lost+found to system_u:object_r:lost_found_t:s0
20:44:20,756 DEBUG blivet:          NoDevice.setup: tmpfs ; status: False ; controllable: True ; orig: False ;
20:44:20,763 INFO blivet: set SELinux context for newly mounted filesystem root at /dev/shm to system_u:object_r:tmpfs_t:s0
20:44:20,764 INFO blivet: set SELinux context for newly mounted filesystem lost+found directory at /dev/shm/lost+found to system_u:object_r:lost_found_t:s0
20:44:20,765 DEBUG blivet:          NoDevice.setup: proc ; status: False ; controllable: True ; orig: False ;
20:44:20,786 INFO blivet: failed to get default SELinux context for /proc: [Errno 2] No such file or directory
20:44:20,787 INFO blivet: set SELinux context for newly mounted filesystem root at /proc to None
20:44:20,787 INFO blivet: set SELinux context for newly mounted filesystem lost+found directory at /proc/lost+found to system_u:object_r:lost_found_t:s0
20:44:20,847 DEBUG blivet:          DirectoryDevice.setup: /run ; status: True ; controllable: True ; orig: False ;
20:44:20,871 INFO blivet: set SELinux context for newly mounted filesystem root at /run to system_u:object_r:var_run_t:s0
20:44:20,871 INFO blivet: set SELinux context for newly mounted filesystem lost+found directory at /run/lost+found to system_u:object_r:lost_found_t:s0
20:44:20,873 DEBUG blivet:          NoDevice.setup: sysfs ; status: False ; controllable: True ; orig: False ;
20:44:20,884 INFO blivet: set SELinux context for newly mounted filesystem root at /sys to system_u:object_r:sysfs_t:s0
20:44:20,884 INFO blivet: set SELinux context for newly mounted filesystem lost+found directory at /sys/lost+found to system_u:object_r:lost_found_t:s0
20:44:20,885 DEBUG blivet:          NoDevice.setup: selinuxfs ; status: False ; controllable: True ; orig: False ;
20:44:20,893 INFO blivet: failed to set SELinux context for /mnt/sysimage/sys/fs/selinux: [Errno 95] Operation not supported
20:44:20,893 INFO blivet: set SELinux context for newly mounted filesystem root at /sys/fs/selinux to None
20:44:20,893 INFO blivet: set SELinux context for newly mounted filesystem lost+found directory at /sys/fs/selinux/lost+found to system_u:object_r:lost_found_t:s0
20:44:20,895 DEBUG blivet:          DeviceTree.getDevicesByInstance: hidden: False ; incomplete: False ; device_class: <class 'blivet.devices.network.NetworkStorageDevice'> ;
20:44:20,897 DEBUG blivet:          DeviceTree.getDevicesByInstance returned []
20:44:20,899 DEBUG blivet:          DeviceTree.getDevicesByType: hidden: False ; incomplete: False ; device_type: mdarray ;
20:44:20,900 DEBUG blivet:          DeviceTree.getDevicesByType returned []
20:44:20,901 DEBUG blivet:          DeviceTree.getDevicesByType: hidden: False ; incomplete: False ; device_type: mdbiosraidarray ;
20:44:20,902 DEBUG blivet:          DeviceTree.getDevicesByType returned []
20:44:20,902 DEBUG blivet:          DeviceTree.getDevicesByType: hidden: False ; incomplete: False ; device_type: mdcontainer ;
20:44:20,903 DEBUG blivet:          DeviceTree.getDevicesByType returned []
20:44:20,904 DEBUG blivet:         DeviceTree.getDevicesByType: hidden: False ; incomplete: False ; device_type: dm-multipath ;
20:44:20,905 DEBUG blivet:         DeviceTree.getDevicesByType returned []
20:44:20,905 INFO blivet: not writing out mpath configuration
20:44:20,906 DEBUG blivet:        DeviceTree.getDevicesByType: hidden: False ; incomplete: False ; device_type: zfcp ;
20:44:20,907 DEBUG blivet:        DeviceTree.getDevicesByType returned []
20:49:57,427 DEBUG blivet:          DeviceTree.getDevicesByInstance: hidden: False ; incomplete: False ; device_class: <class 'blivet.devices.network.NetworkStorageDevice'> ;
20:49:57,428 DEBUG blivet:          DeviceTree.getDevicesByInstance returned []
