Oct 06 19:15:40 Erased: firewalld-0.4.4.4-15.el7_5.noarch
Oct 06 19:15:40 Erased: python-firewall-0.4.4.4-15.el7_5.noarch
Oct 06 19:15:40 Erased: python-slip-dbus-0.4.0-4.el7.noarch
Oct 06 19:15:40 Erased: python-slip-0.4.0-4.el7.noarch
Oct 06 19:15:40 Erased: python-decorator-3.4.0-3.el7.noarch
Oct 06 19:15:40 Erased: firewalld-filesystem-0.4.4.4-15.el7_5.noarch
Oct 06 19:15:40 Erased: linux-firmware-20180220-62.2.git6d51311.el7_5.noarch
Oct 06 19:15:40 Erased: 32:bind-utils-9.9.4-61.el7_5.1.x86_64
Oct 06 19:15:40 Erased: initscripts-9.49.41-1.el7_5.2.x86_64
Oct 06 19:15:40 Erased: iproute-4.11.0-14.el7.x86_64
Oct 06 19:15:40 Erased: iptables-1.4.21-24.1.el7_5.x86_64
Oct 06 19:15:40 Erased: libnetfilter_conntrack-1.0.6-1.el7_3.x86_64
Oct 06 19:15:40 Erased: 32:bind-libs-9.9.4-61.el7_5.1.x86_64
Oct 06 19:15:40 Erased: ipset-6.29-1.el7.x86_64
Oct 06 19:15:40 Erased: ipset-libs-6.29-1.el7.x86_64
Oct 06 19:15:40 Erased: less-458-9.el7.x86_64
Oct 06 19:15:40 Erased: groff-base-1.22.2-8.el7.x86_64
Oct 06 19:15:40 Erased: libmnl-1.0.3-7.el7.x86_64
Oct 06 19:15:40 Erased: GeoIP-1.5.0-11.el7.x86_64
Oct 06 19:15:40 Erased: libnfnetlink-1.0.1-4.el7.x86_64
Oct 06 19:15:40 Erased: sysvinit-tools-2.88-14.dsf.el7.x86_64
Oct 06 19:15:40 Erased: libselinux-python-2.5-12.el7.x86_64
Oct 06 19:15:40 Erased: ebtables-2.0.10-16.el7.x86_64
Oct 06 19:15:40 Erased: grubby-8.28-23.el7.x86_64
Nov 19 06:48:06 Installed: apr-1.4.8-3.el7_4.1.x86_64
Nov 19 06:48:06 Installed: apr-util-1.5.2-6.el7.x86_64
Nov 19 06:48:06 Installed: httpd-tools-2.4.6-80.el7.centos.1.x86_64
Nov 19 06:48:07 Installed: centos-logos-70.0.6-3.el7.centos.noarch
Nov 19 06:48:07 Installed: mailcap-2.1.41-2.el7.noarch
Nov 19 06:48:08 Installed: httpd-2.4.6-80.el7.centos.1.x86_64
Nov 19 06:48:13 Installed: libzip-0.10.1-8.el7.x86_64
Nov 19 06:48:13 Installed: php-common-5.4.16-45.el7.x86_64
Nov 19 06:48:13 Installed: libedit-3.0-12.20121213cvs.el7.x86_64
Nov 19 06:48:14 Installed: php-cli-5.4.16-45.el7.x86_64
Nov 19 06:48:14 Installed: php-5.4.16-45.el7.x86_64
